Determining if the pthread_create exist failed with the following output:
Change Dir: /home/david/catkin_ws/src/kraft/kraft_teleop/cmake-build-debug/CMakeFiles/CMakeTmp

Run Build Command:"/usr/bin/make" "cmTC_1286f/fast"
/usr/bin/make -f CMakeFiles/cmTC_1286f.dir/build.make CMakeFiles/cmTC_1286f.dir/build
make[1]: se entra en el directorio '/home/david/catkin_ws/src/kraft/kraft_teleop/cmake-build-debug/CMakeFiles/CMakeTmp'
Building C object CMakeFiles/cmTC_1286f.dir/CheckSymbolExists.c.o
/usr/bin/cc     -o CMakeFiles/cmTC_1286f.dir/CheckSymbolExists.c.o   -c /home/david/catkin_ws/src/kraft/kraft_teleop/cmake-build-debug/CMakeFiles/CMakeTmp/CheckSymbolExists.c
Linking C executable cmTC_1286f
/home/david/clion-2017.1/bin/cmake/bin/cmake -E cmake_link_script CMakeFiles/cmTC_1286f.dir/link.txt --verbose=1
/usr/bin/cc       CMakeFiles/cmTC_1286f.dir/CheckSymbolExists.c.o  -o cmTC_1286f -rdynamic 
CMakeFiles/cmTC_1286f.dir/CheckSymbolExists.c.o: En la funci√≥n `main':
CheckSymbolExists.c:(.text+0x16): referencia a `pthread_create' sin definir
collect2: error: ld returned 1 exit status
CMakeFiles/cmTC_1286f.dir/build.make:97: fallo en las instrucciones para el objetivo 'cmTC_1286f'
make[1]: *** [cmTC_1286f] Error 1
make[1]: se sale del directorio '/home/david/catkin_ws/src/kraft/kraft_teleop/cmake-build-debug/CMakeFiles/CMakeTmp'
Makefile:126: fallo en las instrucciones para el objetivo 'cmTC_1286f/fast'
make: *** [cmTC_1286f/fast] Error 2

File /home/david/catkin_ws/src/kraft/kraft_teleop/cmake-build-debug/CMakeFiles/CMakeTmp/CheckSymbolExists.c:
/* */
#include <pthread.h>

int main(int argc, char** argv)
{
  (void)argv;
#ifndef pthread_create
  return ((int*)(&pthread_create))[argc];
#else
  (void)argc;
  return 0;
#endif
}

Determining if the function pthread_create exists in the pthreads failed with the following output:
Change Dir: /home/david/catkin_ws/src/kraft/kraft_teleop/cmake-build-debug/CMakeFiles/CMakeTmp

Run Build Command:"/usr/bin/make" "cmTC_bd02d/fast"
/usr/bin/make -f CMakeFiles/cmTC_bd02d.dir/build.make CMakeFiles/cmTC_bd02d.dir/build
make[1]: se entra en el directorio '/home/david/catkin_ws/src/kraft/kraft_teleop/cmake-build-debug/CMakeFiles/CMakeTmp'
Building C object CMakeFiles/cmTC_bd02d.dir/CheckFunctionExists.c.o
/usr/bin/cc    -DCHECK_FUNCTION_EXISTS=pthread_create   -o CMakeFiles/cmTC_bd02d.dir/CheckFunctionExists.c.o   -c /home/david/clion-2017.1/bin/cmake/share/cmake-3.7/Modules/CheckFunctionExists.c
Linking C executable cmTC_bd02d
/home/david/clion-2017.1/bin/cmake/bin/cmake -E cmake_link_script CMakeFiles/cmTC_bd02d.dir/link.txt --verbose=1
/usr/bin/cc   -DCHECK_FUNCTION_EXISTS=pthread_create    CMakeFiles/cmTC_bd02d.dir/CheckFunctionExists.c.o  -o cmTC_bd02d -rdynamic -lpthreads 
/usr/bin/ld: no se puede encontrar -lpthreads
collect2: error: ld returned 1 exit status
CMakeFiles/cmTC_bd02d.dir/build.make:97: fallo en las instrucciones para el objetivo 'cmTC_bd02d'
make[1]: *** [cmTC_bd02d] Error 1
make[1]: se sale del directorio '/home/david/catkin_ws/src/kraft/kraft_teleop/cmake-build-debug/CMakeFiles/CMakeTmp'
Makefile:126: fallo en las instrucciones para el objetivo 'cmTC_bd02d/fast'
make: *** [cmTC_bd02d/fast] Error 2


